0:100  0:100  MemLog inited, TSC freq: 3696522280
0:100  0:000  CPU was calibrated with RTC
0:100  0:000  
0:100  0:000  Now is 22.3.2020,  17:48:21 (GMT)
0:100  0:000  Starting Clover revision: 5098 (master, commit 58649391) on American Megatrends EFI
0:100  0:000  Build with: [Args: -D NO_GRUB_DRIVERS_EMBEDDED -t GCC53 | -D NO_GRUB_DRIVERS_EMBEDDED --conf=/Users/sergey/src/Clover/Conf -D USE_LOW_EBDA -a X64 -b RELEASE -t GCC53 -n 5 | OS: 10.14.6]
0:100  0:000  SelfDevicePath=PciRoot(0x0)\Pci(0x1D,0x0)\Pci(0x0,0x0)\NVMe(0x1,C4-08-41-01-51-38-25-00)\HD(1,GPT,030BDCDB-90D0-45A3-95A8-354D248C0520,0x28,0x64000) @87657498
0:100  0:000  SelfDirPath = \CLOVER
0:100  0:000  SimpleTextEx Status=Success
0:100  0:000  === [ Get Smbios ] ========================================
0:100  0:000  Type 16 Index = 0
0:100  0:000  Total Memory Slots Count = 2
0:100  0:000  Type 17 Index = 0
0:100  0:000  SmbiosTable.Type17->Speed = 2400MHz
0:100  0:000  SmbiosTable.Type17->Size = 16384MB
0:100  0:000  SmbiosTable.Type17->Bank/Device = BANK 0 ChannelA-DIMM0
0:100  0:000  SmbiosTable.Type17->Vendor = 08D0
0:100  0:000  SmbiosTable.Type17->SerialNumber = 10D1A4A1
0:100  0:000  SmbiosTable.Type17->PartNumber = M378A2K43BB1-CRC    
0:100  0:000  Type 17 Index = 1
0:100  0:000  SmbiosTable.Type17->Speed = 2400MHz
0:100  0:000  SmbiosTable.Type17->Size = 8192MB
0:100  0:000  SmbiosTable.Type17->Bank/Device = BANK 2 ChannelB-DIMM0
0:100  0:000  SmbiosTable.Type17->Vendor = 89D0
0:100  0:000  SmbiosTable.Type17->SerialNumber = D23C59CB
0:100  0:000  SmbiosTable.Type17->PartNumber = 8ATF1G64AZ-2G1B1    
0:100  0:000  Boot status=0
0:100  0:000  Running on: 'To Be Filled By O.E.M.' with board 'Z370M-ITX_ac'
0:100  0:000  === [ GetCPUProperties ] ==================================
0:100  0:000  CPU Vendor = 756E6547 Model=906EA
0:100  0:000   The CPU supported SSE4.1
0:100  0:000  BrandString = Intel(R) Core(TM) i7-8700K CPU @ 3.70GHz
0:100  0:000   The CPU supported turbo
0:100  0:000  MSR 0x35               6000C
0:100  0:000   TSC/CCC Information Leaf:
0:100  0:000    numerator     : 308
0:100  0:000    denominator   : 2
0:100  0:000   Calibrated ARTFrequency: 24003391
0:100  0:000   Rounded ARTFrequency: 24000000
0:100  0:000  MSR 0xE2 before patch 1E000000
0:100  0:000  MSR 0xCE              08080838_F1012500
0:100  0:000  corrected FLEX_RATIO = E0000
0:100  0:000  FSBFrequency = 98 MHz, DMI FSBFrequency = 100 MHz, Corrected FSBFrequency = 100 MHz
0:100  0:000  MaxDiv/MinDiv: 37.0/8
0:100  0:000  Turbo: 37/37/37/37
0:100  0:000  Features: 0xBFEBFBFF
0:100  0:000  Threads: 12
0:100  0:000  Cores: 6
0:100  0:000  FSB: 100 MHz
0:100  0:000  CPU: 3600 MHz
0:100  0:000  TSC: 3600 MHz
0:100  0:000  PIS: 100 MHz
0:100  0:000  ExternalClock: 25 MHz
0:100  0:000  === [ GetDevices ] ========================================
0:100  0:000  GOP found at: PciRoot(0x0)/Pci(0x1,0x0)/Pci(0x0,0x0)/AcpiAdr(0x80010100)
0:100  0:000  PCI (00|00:00.00) : 8086 3EC2 class=060000
0:100  0:000  PCI (00|00:01.00) : 8086 1901 class=060400
0:100  0:000  PCI (00|01:00.00) : 1002 67DF class=030000
0:100  0:000   - GOP: Provided by device
0:100  0:000   - GFX: Model=AMD Radeon RX 480 (ATI/AMD)
0:100  0:000  PCI (00|01:00.01) : 1002 AAF0 class=040300
0:100  0:000   - HDMI Audio: 
0:100  0:000  PCI (00|00:14.00) : 8086 A2AF class=0C0330
0:100  0:000  PCI (00|00:14.02) : 8086 A2B1 class=118000
0:100  0:000  PCI (00|00:16.00) : 8086 A2BA class=078000
0:100  0:000  PCI (00|00:17.00) : 8086 A282 class=010601
0:100  0:000  PCI (00|00:1C.00) : 8086 A290 class=060400
0:100  0:000  PCI (00|00:1C.05) : 8086 A295 class=060400
0:100  0:000  PCI (00|03:00.00) : 8086 1539 class=020000
0:100  0:000   - LAN: 0 Vendor=Intel
0:100  0:000  PCI (00|00:1C.06) : 8086 A296 class=060400
0:100  0:000  PCI (00|04:00.00) : 14E4 43A0 class=028000
0:100  0:000   - WIFI: Vendor=Broadcom
0:100  0:000  PCI (00|00:1D.00) : 8086 A298 class=060400
0:100  0:000  PCI (00|05:00.00) : 144D A808 class=010802
0:100  0:000  PCI (00|00:1F.00) : 8086 A2C9 class=060100
0:100  0:000  PCI (00|00:1F.02) : 8086 A2A1 class=058000
0:100  0:000  PCI (00|00:1F.03) : 8086 A2F0 class=040300
0:100  0:000  PCI (00|00:1F.04) : 8086 A2A3 class=0C0500
0:100  0:000  PCI (00|00:1F.06) : 8086 15B8 class=020000
0:100  0:000   - LAN: 1 Vendor=Intel
0:100  0:000  === [ GetDefaultSettings ] ================================
0:101  0:000  Clover load options size = 0 bytes
0:101  0:000  EFI\CLOVER\config.plist not loaded: Not Found
0:101  0:000  === [ GetListOfThemes ] ===================================
0:101  0:000  === [ Found config plists ] ===============================
0:101  0:000  === [ LoadDrivers ] =======================================
0:101  0:000  === [ InitScreen ] ========================================
0:101  0:000  Console modes reported: 4, available modes:
0:101  0:000   - [01]: 80x25
0:101  0:000   - [02]: 128x40 (current mode)
0:101  0:000   - [03]: 100x31
0:101  0:000   - [04]: 480x113
0:101  0:000  SetMaxResolution: found best mode 5: 3840x2160
0:101  0:000   - already set
0:101  0:000  SetScreenResolution: 3840x2160 - already set
0:101  0:000  reinit: self device path=PciRoot(0x0)\Pci(0x1D,0x0)\Pci(0x0,0x0)\NVMe(0x1,C4-08-41-01-51-38-25-00)\HD(1,GPT,030BDCDB-90D0-45A3-95A8-354D248C0520,0x28,0x64000)
0:101  0:000  === [ GetMacAddress ] =====================================
0:101  0:000  === [ ScanSPD ] ===========================================
0:102  0:000  Scanning SMBus [8086:A2A3], mmio: 0xFFF24004, ioport: 0xF000, hostc: 0x1
0:120  0:018  Slot: 0 Type 26 16384MB 2400MHz Vendor=NoName PartNo=M378A2K43BB1-CRC SerialNo=01000D010A040A01
0:138  0:017  Slot: 2 Type 26 8192MB 2400MHz Vendor=NoName PartNo=8ATF1G64AZ-2G1B1 SerialNo=0D02030C05090C0B
0:139  0:000  === [ GetAcpiTablesList ] =================================
0:139  0:000  Get Acpi Tables List from RSDT:
0:139  0:000   - [00]: FACP  A M I  len=132
0:139  0:000   - [01]: APIC  A M I  len=244
0:139  0:000   - [02]: FPDT  A M I  len=68
0:139  0:000   - [03]: FIDT  A M I len=156
0:139  0:000   - [04]: MCFG  A M I  len=60
0:139  0:000   - [05]: SSDT  SataTabl len=931
0:139  0:000   - [06]: AAFT  OEMAAFT  len=477
0:139  0:000   - [07]: SSDT  SaSsdt  len=12645
0:139  0:000   - [08]: SSDT  PegSsdt len=9716
0:139  0:000   - [09]: HPET  KBL len=56
0:139  0:000   - [10]: SSDT  xh_kbl_s len=2604
0:139  0:000   - [11]: UEFI  A M I  len=72
0:139  0:000   - [12]: SSDT  CpuSsdt len=6062
0:139  0:000   - [13]: LPIT  KBL len=148
0:139  0:000   - [14]: SSDT  HdaDsp len=321
0:139  0:000   - [15]: SSDT  TbtTypeC len=1303
0:139  0:000   - [16]: SSDT  Wwan len=745
0:139  0:000   - [17]: DBGP   len=52
0:139  0:000   - [18]: DBG2   len=84
0:139  0:000   - [19]: BGRT  A M I  len=56
0:139  0:000   - [20]: WSMT  A M I  len=40
0:139  0:000  Calibrated TSC Frequency = 3696522280 = 3696MHz
0:139  0:000  === [ Found DSDT tables ] =================================
0:139  0:000  === [ ScanVolumes ] =======================================
0:139  0:000  Found 9 volumes with blockIO
0:139  0:000  - [00]: Volume: PciRoot(0x0)\Pci(0x17,0x0)\Sata(0x4,0xFFFF,0x0)
0:140  0:000  - [01]: Volume: PciRoot(0x0)\Pci(0x17,0x0)\Sata(0x5,0xFFFF,0x0)
0:140  0:000  - [02]: Volume: PciRoot(0x0)\Pci(0x17,0x0)\Sata(0x4,0xFFFF,0x0)\HD(1,GPT,EB6A4116-A680-4DB9-AC47-D557192BF75A,0x28,0x64000)
0:141  0:000          Result of bootcode detection: bootable unknown (legacy)
0:142  0:001  - [03]: Volume: PciRoot(0x0)\Pci(0x17,0x0)\Sata(0x4,0xFFFF,0x0)\HD(2,GPT,24EA6E4C-6E02-4008-9CE0-6F8E8FB886C0,0x64028,0x2C39DFD8)
0:143  0:000          Result of bootcode detection: bootable unknown (legacy)
0:143  0:000  - [04]: Volume: PciRoot(0x0)\Pci(0x17,0x0)\Sata(0x4,0xFFFF,0x0)\HD(3,GPT,28A7CD39-27FB-4234-39FD-4B79807882AA,0x2C402000,0xDF84000)
0:143  0:000          Result of bootcode detection: bootable Windows (vista,win)
0:143  0:000  - [05]: Volume: PciRoot(0x0)\Pci(0x17,0x0)\Sata(0x5,0xFFFF,0x0)\HD(1,GPT,0E1C471B-8812-4732-D4A0-44C2C132AE03,0x800,0xE8E07800)
0:144  0:000          Result of bootcode detection: bootable Windows (vista,win)
0:144  0:000  - [06]: Volume: PciRoot(0x0)\Pci(0x1D,0x0)\Pci(0x0,0x0)\NVMe(0x1,C4-08-41-01-51-38-25-00)
0:144  0:000  - [07]: Volume: PciRoot(0x0)\Pci(0x1D,0x0)\Pci(0x0,0x0)\NVMe(0x1,C4-08-41-01-51-38-25-00)\HD(1,GPT,030BDCDB-90D0-45A3-95A8-354D248C0520,0x28,0x64000)
0:144  0:000          Result of bootcode detection: bootable unknown (legacy)
0:144  0:000          This is SelfVolume !!
0:144  0:000  - [08]: Volume: PciRoot(0x0)\Pci(0x1D,0x0)\Pci(0x0,0x0)\NVMe(0x1,C4-08-41-01-51-38-25-00)\HD(2,GPT,CB3376C1-73A5-4251-A4D2-BB3A9ADAB32E,0x64028,0x3A321FE0)
0:144  0:000          Result of bootcode detection: bootable unknown (legacy)
0:144  0:000  No AudioIoProtocols, status=Not Found
0:144  0:000  === [ InitTheme ] =========================================
0:145  0:000  use night theme
0:145  0:000   using embedded theme
0:145  0:000  got embedded sound
0:145  0:000    Channels: 2  Sample rate: 8000 Hz  Bits: 16
0:145  0:000  output to channel 0 with volume 70, len=25600
0:145  0:000   sound channels=2 bits=16 freq=8000
0:145  0:000  sound converted to 48kHz
0:145  0:000  not found AudioIo to play
0:145  0:000  sound play end with status=Not Found
0:145  0:000  Using embedded font: Success
0:146  0:000  theme inited
0:146  0:000  Chosen embedded theme
0:146  0:000  found boot-args in NVRAM:, size=1
0:146  0:000  after NVRAM boot-args=
0:146  0:000  === [ Dump SMC keys from NVRAM ] ==========================
0:146  0:000  no AppleSMC protocol
0:157  0:011  === [ ScanLoader ] ========================================
0:157  0:000  - [02]: 'EFI'
0:166  0:008          AddLoaderEntry for Volume Name=EFI
0:173  0:007          AddLoaderEntry for Volume Name=EFI
0:173  0:000          skipped because entry is hidden
0:173  0:000  - [04]: ''
0:173  0:000  - [05]: 'Replecta HDD'
0:173  0:000  - [07]: 'EFI'
0:174  0:001  Scanning legacy ...
0:174  0:000   4: '' (vista,win) add legacy
0:174  0:000   added 'Boot Windows from ' OSType=2 Icon=vista,win
0:174  0:000   5: 'Replecta HDD' (vista,win) add legacy
0:174  0:000   added 'Boot Windows from Replecta HDD' OSType=2 Icon=vista,win
0:174  0:000  === [ AddCustomTool ] =====================================
0:174  0:000  Checking EFI partition Volume 2 for Clover
0:180  0:005   Found Clover
0:180  0:000  === [ GetEfiBootDeviceFromNvram ] =========================
0:180  0:000  Default boot entry not found
0:180  0:000  DefaultIndex=-1 and MainMenu.EntryCount=8
0:499  0:319  GUI ready
3:222  2:722  exit from MainMenu 1
12:668  9:445  exit from MainMenu 1
16:248  3:580  exit from MainMenu 1
22:009  5:760  exit from MainMenu 8
22:011  0:002  ReinitSelfLib after theme change
22:011  0:000  reinit: self device path=PciRoot(0x0)\Pci(0x1D,0x0)\Pci(0x0,0x0)\NVMe(0x1,C4-08-41-01-51-38-25-00)\HD(1,GPT,030BDCDB-90D0-45A3-95A8-354D248C0520,0x28,0x64000)
22:011  0:000  === [ ScanVolumes ] =======================================
22:011  0:000  Found 9 volumes with blockIO
22:011  0:000  - [00]: Volume: PciRoot(0x0)\Pci(0x17,0x0)\Sata(0x4,0xFFFF,0x0)
22:012  0:000          This is SelfVolume !!
22:012  0:000  - [01]: Volume: PciRoot(0x0)\Pci(0x17,0x0)\Sata(0x5,0xFFFF,0x0)
22:012  0:000  - [02]: Volume: PciRoot(0x0)\Pci(0x17,0x0)\Sata(0x4,0xFFFF,0x0)\HD(1,GPT,EB6A4116-A680-4DB9-AC47-D557192BF75A,0x28,0x64000)
22:013  0:000          Result of bootcode detection: bootable unknown (legacy)
22:015  0:001  - [03]: Volume: PciRoot(0x0)\Pci(0x17,0x0)\Sata(0x4,0xFFFF,0x0)\HD(2,GPT,24EA6E4C-6E02-4008-9CE0-6F8E8FB886C0,0x64028,0x2C39DFD8)
22:015  0:000          Result of bootcode detection: bootable unknown (legacy)
22:015  0:000  - [04]: Volume: PciRoot(0x0)\Pci(0x17,0x0)\Sata(0x4,0xFFFF,0x0)\HD(3,GPT,28A7CD39-27FB-4234-39FD-4B79807882AA,0x2C402000,0xDF84000)
22:016  0:000          Result of bootcode detection: bootable Windows (vista,win)
22:016  0:000  - [05]: Volume: PciRoot(0x0)\Pci(0x17,0x0)\Sata(0x5,0xFFFF,0x0)\HD(1,GPT,0E1C471B-8812-4732-D4A0-44C2C132AE03,0x800,0xE8E07800)
22:039  0:023          Result of bootcode detection: bootable Windows (vista,win)
22:039  0:000  - [06]: Volume: PciRoot(0x0)\Pci(0x1D,0x0)\Pci(0x0,0x0)\NVMe(0x1,C4-08-41-01-51-38-25-00)
22:039  0:000  - [07]: Volume: PciRoot(0x0)\Pci(0x1D,0x0)\Pci(0x0,0x0)\NVMe(0x1,C4-08-41-01-51-38-25-00)\HD(1,GPT,030BDCDB-90D0-45A3-95A8-354D248C0520,0x28,0x64000)
22:040  0:000          Result of bootcode detection: bootable unknown (legacy)
22:040  0:000          This is SelfVolume !!
22:040  0:000  - [08]: Volume: PciRoot(0x0)\Pci(0x1D,0x0)\Pci(0x0,0x0)\NVMe(0x1,C4-08-41-01-51-38-25-00)\HD(2,GPT,CB3376C1-73A5-4251-A4D2-BB3A9ADAB32E,0x64028,0x3A321FE0)
22:040  0:000          Result of bootcode detection: bootable unknown (legacy)
22:040  0:000  No AudioIoProtocols, status=Not Found
22:040  0:000  theme inited
22:040  0:000  Chosen embedded theme
22:040  0:000  found boot-args in NVRAM:, size=1
22:040  0:000  after NVRAM boot-args=
22:040  0:000  === [ ScanLoader ] ========================================
22:040  0:000  - [02]: 'EFI'
22:048  0:007          AddLoaderEntry for Volume Name=EFI
22:054  0:006          AddLoaderEntry for Volume Name=EFI
22:055  0:000  - [04]: ''
22:055  0:000  - [05]: 'Replecta HDD'
22:055  0:000  - [07]: 'EFI'
22:056  0:001  Scanning legacy ...
22:056  0:000   4: '' (vista,win) add legacy
22:056  0:000   added 'Boot Windows from ' OSType=2 Icon=vista,win
22:056  0:000   5: 'Replecta HDD' (vista,win) add legacy
22:056  0:000   added 'Boot Windows from Replecta HDD' OSType=2 Icon=vista,win
22:056  0:000  === [ AddCustomTool ] =====================================
22:056  0:000  Checking EFI partition Volume 2 for Clover
22:059  0:003   Found Clover
22:059  0:000  === [ GetEfiBootDeviceFromNvram ] =========================
22:059  0:000  Default boot entry not found
22:059  0:000  DefaultIndex=-1 and MainMenu.EntryCount=9
